Inside events.js, EventEmitter.prototype: [object Object]
DEBUG make_bound_fn 'listen': f=0x400000c760 set env=0xfff9000000000000 IS_INTEGER=1
DEBUG make_bound_fn 'address': f=0x400000c7c8 set env=0xfff9000000000001 IS_INTEGER=1
DEBUG make_bound_fn 'close': f=0x400000c830 set env=0xfff9000000000002 IS_INTEGER=1
Feature Manager server listening on port 37501
Launching Native WebView on http://127.0.0.1:37501/
Native UI Process spawned with PID: 56603
DEBUG make_bound_fn 'on': f=0x400000ccf0 set env=0xfff9000000000003 IS_INTEGER=1
DEBUG make_bound_fn 'write': f=0x400000cd58 set env=0xfff9000000000004 IS_INTEGER=1
DEBUG make_bound_fn 'end': f=0x400000cdc0 set env=0xfff9000000000005 IS_INTEGER=1
DEBUG make_bound_fn 'destroy': f=0x400000ce28 set env=0xfff9000000000006 IS_INTEGER=1
DEBUG js_socket_on: this_val=0xfff9000000000003 IS_INTEGER=1 arg_count=2
DEBUG js_socket_on: s=0x1000801eda90 arg_count=2
DEBUG js_socket_on: event='data' cb IS_POINTER=1
DEBUG socket_io_cb: revents=0x1 fd=18
DEBUG socket_io_cb POLLIN: n=421 errno=0
DEBUG socket_io_cb calling on_data callback...
Received data length: 421
Data snippet: GET / HTTP/1.1
Accept: text/h
Parsed method: GET, url:  
Calling handleRequest GET
DEBUG socket_io_cb: revents=0x11 fd=18
DEBUG socket_io_cb POLLIN: n=0 errno=0
DEBUG make_bound_fn 'on': f=0x40000100d8 set env=0xfff9000000000007 IS_INTEGER=1
DEBUG make_bound_fn 'write': f=0x4000010128 set env=0xfff9000000000008 IS_INTEGER=1
DEBUG make_bound_fn 'end': f=0x4000010178 set env=0xfff9000000000009 IS_INTEGER=1
DEBUG make_bound_fn 'destroy': f=0x40000101c8 set env=0xfff900000000000a IS_INTEGER=1
DEBUG js_socket_on: this_val=0xfff9000000000007 IS_INTEGER=1 arg_count=2
DEBUG js_socket_on: s=0x1000801e7b70 arg_count=2
DEBUG js_socket_on: event='data' cb IS_POINTER=1
DEBUG socket_io_cb: revents=0x1 fd=18
DEBUG socket_io_cb POLLIN: n=91 errno=0
DEBUG socket_io_cb calling on_data callback...
Received data length: 91
Data snippet: GET /api/features HTTP/1.1
Ho
Parsed method: GET, url:  
Calling handleRequest GET
DEBUG socket_io_cb: revents=0x11 fd=18
DEBUG socket_io_cb POLLIN: n=0 errno=0
